1605789693627	mozrunner::runner	INFO	Running command: "C:\\Program Files\\Mozilla Firefox\\firefox.exe" "-marionette" "-foreground" "-no-remote" "-profile" "C:\\Users\\EDZ\\AppData\\Local\\Temp\\rust_mozprofile.eMUJyKzDuvld"
JavaScript error: resource://gre/modules/XULStore.jsm, line 66: Error: Can't find profile directory.
console.warn: SearchSettings: "get: No settings file exists, new profile?" (new Error("", "(unknown module)"))
1605789697671	Marionette	INFO	Listening on port 19907
1605789698140	Marionette	WARN	TLS certificate errors will be ignored for this session
console.error: Region.jsm: "Error fetching region" (new AbortError("The operation was aborted. ", (void 0), 697))
console.error: Region.jsm: "Failed to fetch region" (new Error("NO_RESULT", "resource://gre/modules/Region.jsm", 351))
1605789734016	Marionette	INFO	Stopped listening on port 19907

###!!! [Child][MessageChannel::SendAndWait] Error: Channel error: cannot send/recv

1605790894981	mozrunner::runner	INFO	Running command: "C:\\Program Files\\Mozilla Firefox\\firefox.exe" "-marionette" "-foreground" "-no-remote" "-profile" "C:\\Users\\EDZ\\AppData\\Local\\Temp\\rust_mozprofile.9HxQ4SLDfTr4"
console.warn: SearchSettings: "get: No settings file exists, new profile?" (new Error("", "(unknown module)"))
JavaScript error: resource://gre/modules/XULStore.jsm, line 66: Error: Can't find profile directory.
1605790899834	Marionette	INFO	Listening on port 20113
1605790899956	Marionette	WARN	TLS certificate errors will be ignored for this session
1605790923350	Marionette	INFO	Stopped listening on port 20113

###!!! [Child][MessageChannel::SendAndWait] Error: Channel error: cannot send/recv

1605791148105	mozrunner::runner	INFO	Running command: "C:\\Program Files\\Mozilla Firefox\\firefox.exe" "-marionette" "-foreground" "-no-remote" "-profile" "C:\\Users\\EDZ\\AppData\\Local\\Temp\\rust_mozprofile.ltttajwOO0Nu"
JavaScript error: resource://gre/modules/XULStore.jsm, line 66: Error: Can't find profile directory.
console.warn: SearchSettings: "get: No settings file exists, new profile?" (new Error("", "(unknown module)"))
1605791151981	Marionette	INFO	Listening on port 20189
1605791152044	Marionette	WARN	TLS certificate errors will be ignored for this session
JavaScript error: chrome://marionette/content/proxy.js, line 283: NS_ERROR_NOT_INITIALIZED
1605791167026	Marionette	INFO	Stopped listening on port 20189

###!!! [Child][RunMessage] Error: Channel closing: too late to send/recv, messages will be lost


###!!! [Child][MessageChannel::SendAndWait] Error: Channel error: cannot send/recv

1605791450095	mozrunner::runner	INFO	Running command: "C:\\Program Files\\Mozilla Firefox\\firefox.exe" "-marionette" "-foreground" "-no-remote" "-profile" "C:\\Users\\EDZ\\AppData\\Local\\Temp\\rust_mozprofile.kFgVpnARQElT"
1605791565830	mozrunner::runner	INFO	Running command: "C:\\Program Files\\Mozilla Firefox\\firefox.exe" "-marionette" "-foreground" "-no-remote" "-profile" "C:\\Users\\EDZ\\AppData\\Local\\Temp\\rust_mozprofile.6vbkmVURhrIn"
JavaScript error: resource://gre/modules/XULStore.jsm, line 66: Error: Can't find profile directory.
console.warn: SearchSettings: "get: No settings file exists, new profile?" (new Error("", "(unknown module)"))
1605791569244	Marionette	INFO	Listening on port 20290
1605791569701	Marionette	WARN	TLS certificate errors will be ignored for this session
1605791579982	Marionette	WARN	TimedPromise timed out after 500 ms: stacktrace:
TimedPromise/<@chrome://marionette/content/sync.js:228:19
TimedPromise@chrome://marionette/content/sync.js:213:10
interaction.flushEventLoop@chrome://marionette/content/interaction.js:418:10
webdriverClickElement@chrome://marionette/content/interaction.js:179:31
1605791580592	Marionette	INFO	Stopped listening on port 20290

###!!! [Child][MessageChannel::SendAndWait] Error: Channel error: cannot send/recv

1605791750723	mozrunner::runner	INFO	Running command: "C:\\Program Files\\Mozilla Firefox\\firefox.exe" "-marionette" "-foreground" "-no-remote" "-profile" "C:\\Users\\EDZ\\AppData\\Local\\Temp\\rust_mozprofile.An1mPJXKNcQB"
JavaScript error: resource://gre/modules/XULStore.jsm, line 66: Error: Can't find profile directory.
console.warn: SearchSettings: "get: No settings file exists, new profile?" (new Error("", "(unknown module)"))
1605791754501	Marionette	INFO	Listening on port 20419
1605791754658	Marionette	WARN	TLS certificate errors will be ignored for this session
1605791766330	Marionette	INFO	Stopped listening on port 20419

###!!! [Child][RunMessage] Error: Channel closing: too late to send/recv, messages will be lost


###!!! [Child][MessageChannel::SendAndWait] Error: Channel error: cannot send/recv

1605791802083	mozrunner::runner	INFO	Running command: "C:\\Program Files\\Mozilla Firefox\\firefox.exe" "-marionette" "-foreground" "-no-remote" "-profile" "C:\\Users\\EDZ\\AppData\\Local\\Temp\\rust_mozprofile.yJ9a8NvuQfb5"
JavaScript error: resource://gre/modules/XULStore.jsm, line 66: Error: Can't find profile directory.
console.warn: SearchSettings: "get: No settings file exists, new profile?" (new Error("", "(unknown module)"))
1605791805865	Marionette	INFO	Listening on port 20548
1605791805964	Marionette	WARN	TLS certificate errors will be ignored for this session
1605791838269	Marionette	INFO	Stopped listening on port 20548

###!!! [Child][RunMessage] Error: Channel closing: too late to send/recv, messages will be lost


###!!! [Child][MessageChannel::SendAndWait] Error: Channel error: cannot send/recv

1605791842311	mozrunner::runner	INFO	Running command: "C:\\Program Files\\Mozilla Firefox\\firefox.exe" "-marionette" "-foreground" "-no-remote" "-profile" "C:\\Users\\EDZ\\AppData\\Local\\Temp\\rust_mozprofile.RlXRdRrNHmm1"
JavaScript error: resource://gre/modules/XULStore.jsm, line 66: Error: Can't find profile directory.
console.warn: SearchSettings: "get: No settings file exists, new profile?" (new Error("", "(unknown module)"))
console.error: Region.jsm: "Error fetching region" (new TypeError("NetworkError when attempting to fetch resource.", ""))
console.error: Region.jsm: "Failed to fetch region" (new Error("NO_RESULT", "resource://gre/modules/Region.jsm", 351))
console.error: (new Error("Connection closed before committing the transaction.", "resource://gre/modules/Sqlite.jsm", 688))

###!!! [Child][RunMessage] Error: Channel closing: too late to send/recv, messages will be lost


###!!! [Child][RunMessage] Error: Channel closing: too late to send/recv, messages will be lost

1605791868244	mozrunner::runner	INFO	Running command: "C:\\Program Files\\Mozilla Firefox\\firefox.exe" "-marionette" "-foreground" "-no-remote" "-profile" "C:\\Users\\EDZ\\AppData\\Local\\Temp\\rust_mozprofile.PUoo55J7OSET"
JavaScript error: resource://gre/modules/XULStore.jsm, line 66: Error: Can't find profile directory.
console.warn: SearchSettings: "get: No settings file exists, new profile?" (new Error("", "(unknown module)"))
1605791871534	Marionette	INFO	Listening on port 20730
1605791871614	Marionette	WARN	TLS certificate errors will be ignored for this session
JavaScript error: resource://gre/modules/PageThumbUtils.jsm, line 38: TypeError: aWindow is null
1605791889975	Marionette	INFO	Stopped listening on port 20730

###!!! [Child][RunMessage] Error: Channel closing: too late to send/recv, messages will be lost


###!!! [Child][MessageChannel::SendAndWait] Error: Channel error: cannot send/recv

1605792689814	mozrunner::runner	INFO	Running command: "C:\\Program Files\\Mozilla Firefox\\firefox.exe" "-marionette" "-foreground" "-no-remote" "-profile" "C:\\Users\\EDZ\\AppData\\Local\\Temp\\rust_mozprofile.hAEbC3uV3Wxh"
JavaScript error: resource://gre/modules/XULStore.jsm, line 66: Error: Can't find profile directory.
console.warn: SearchSettings: "get: No settings file exists, new profile?" (new Error("", "(unknown module)"))
1605792694099	Marionette	INFO	Listening on port 20954
1605792694265	Marionette	WARN	TLS certificate errors will be ignored for this session
JavaScript error: resource://gre/modules/PageThumbUtils.jsm, line 38: TypeError: aWindow is null
1605792713358	Marionette	INFO	Stopped listening on port 20954

###!!! [Child][MessageChannel::SendAndWait] Error: Channel error: cannot send/recv

1605793557029	mozrunner::runner	INFO	Running command: "C:\\Program Files\\Mozilla Firefox\\firefox.exe" "-marionette" "-foreground" "-no-remote" "-profile" "C:\\Users\\EDZ\\AppData\\Local\\Temp\\rust_mozprofile.lZh2SaqMl905"
JavaScript error: resource://gre/modules/XULStore.jsm, line 66: Error: Can't find profile directory.
console.warn: SearchSettings: "get: No settings file exists, new profile?" (new Error("", "(unknown module)"))
1605793561269	Marionette	INFO	Listening on port 21081
1605793561529	Marionette	WARN	TLS certificate errors will be ignored for this session
console.error: Region.jsm: "Error fetching region" (new AbortError("The operation was aborted. ", (void 0), 697))
console.error: Region.jsm: "Failed to fetch region" (new Error("NO_RESULT", "resource://gre/modules/Region.jsm", 351))
console.error: services.settings: 
  main/cfr-fxa Signature failed  TypeError: NetworkError when attempting to fetch resource.
1605793577563	Marionette	INFO	Stopped listening on port 21081

###!!! [Child][RunMessage] Error: Channel closing: too late to send/recv, messages will be lost


###!!! [Child][MessageChannel::SendAndWait] Error: Channel error: cannot send/recv

1605793692894	mozrunner::runner	INFO	Running command: "C:\\Program Files\\Mozilla Firefox\\firefox.exe" "-marionette" "-foreground" "-no-remote" "-profile" "C:\\Users\\EDZ\\AppData\\Local\\Temp\\rust_mozprofile.UiQXjiHzAC24"
JavaScript error: resource://gre/modules/XULStore.jsm, line 66: Error: Can't find profile directory.
console.warn: SearchSettings: "get: No settings file exists, new profile?" (new Error("", "(unknown module)"))
1605793696979	Marionette	INFO	Listening on port 21148
1605793697284	Marionette	WARN	TLS certificate errors will be ignored for this session
JavaScript error: http://192.172.4.60:9000/adminservice/resources/ok-admin/lib/echarts/echarts.min.js, line 22: NS_ERROR_FAILURE: 
1605793765538	Marionette	INFO	Stopped listening on port 21148

###!!! [Child][RunMessage] Error: Channel closing: too late to send/recv, messages will be lost


###!!! [Child][RunMessage] Error: Channel closing: too late to send/recv, messages will be lost


###!!! [Child][MessageChannel::SendAndWait] Error: Channel error: cannot send/recv

1605793769660	mozrunner::runner	INFO	Running command: "C:\\Program Files\\Mozilla Firefox\\firefox.exe" "-marionette" "-foreground" "-no-remote" "-profile" "C:\\Users\\EDZ\\AppData\\Local\\Temp\\rust_mozprofile.EqGvqG4vnXWn"
JavaScript error: resource://gre/modules/XULStore.jsm, line 66: Error: Can't find profile directory.
console.warn: SearchSettings: "get: No settings file exists, new profile?" (new Error("", "(unknown module)"))
1605793773693	Marionette	INFO	Listening on port 21287
1605793774040	Marionette	WARN	TLS certificate errors will be ignored for this session
console.error: Region.jsm: "Error fetching region" (new AbortError("The operation was aborted. ", (void 0), 697))
console.error: Region.jsm: "Failed to fetch region" (new Error("NO_RESULT", "resource://gre/modules/Region.jsm", 351))
JavaScript error: http://192.172.4.60:9000/adminservice/resources/ok-admin/lib/echarts/echarts.min.js, line 22: NS_ERROR_FAILURE: 
1605793844527	Marionette	INFO	Stopped listening on port 21287

###!!! [Child][RunMessage] Error: Channel closing: too late to send/recv, messages will be lost


###!!! [Child][MessageChannel::SendAndWait] Error: Channel error: cannot send/recv

1605793848636	mozrunner::runner	INFO	Running command: "C:\\Program Files\\Mozilla Firefox\\firefox.exe" "-marionette" "-foreground" "-no-remote" "-profile" "C:\\Users\\EDZ\\AppData\\Local\\Temp\\rust_mozprofile.jAgtbMzvLZqW"
JavaScript error: resource://gre/modules/XULStore.jsm, line 66: Error: Can't find profile directory.
console.warn: SearchSettings: "get: No settings file exists, new profile?" (new Error("", "(unknown module)"))
1605793853796	Marionette	INFO	Listening on port 21383
1605793854170	Marionette	WARN	TLS certificate errors will be ignored for this session
JavaScript error: http://192.172.4.60:9000/adminservice/resources/ok-admin/lib/layui/layui.js, line 119: NS_ERROR_NOT_INITIALIZED: 
JavaScript error: http://192.172.4.60:9000/adminservice/resources/ok-admin/lib/echarts/echarts.min.js, line 22: NS_ERROR_FAILURE: 
1605793924569	Marionette	INFO	Stopped listening on port 21383

###!!! [Child][RunMessage] Error: Channel closing: too late to send/recv, messages will be lost


###!!! [Child][MessageChannel::SendAndWait] Error: Channel error: cannot send/recv

1605793928659	mozrunner::runner	INFO	Running command: "C:\\Program Files\\Mozilla Firefox\\firefox.exe" "-marionette" "-foreground" "-no-remote" "-profile" "C:\\Users\\EDZ\\AppData\\Local\\Temp\\rust_mozprofile.MqLeqpIJlTyh"
JavaScript error: resource://gre/modules/XULStore.jsm, line 66: Error: Can't find profile directory.
console.warn: SearchSettings: "get: No settings file exists, new profile?" (new Error("", "(unknown module)"))
1605793932787	Marionette	INFO	Listening on port 21488
1605793933216	Marionette	WARN	TLS certificate errors will be ignored for this session
JavaScript error: http://192.172.4.60:9000/adminservice/resources/ok-admin/lib/layui/layui.js, line 119: NS_ERROR_NOT_INITIALIZED: 
JavaScript error: http://192.172.4.60:9000/adminservice/resources/ok-admin/lib/echarts/echarts.min.js, line 22: NS_ERROR_FAILURE: 
1605794007484	Marionette	INFO	Stopped listening on port 21488

###!!! [Child][RunMessage] Error: Channel closing: too late to send/recv, messages will be lost


###!!! [Child][RunMessage] Error: Channel closing: too late to send/recv, messages will be lost


###!!! [Child][MessageChannel::SendAndWait] Error: Channel error: cannot send/recv

1605794012314	mozrunner::runner	INFO	Running command: "C:\\Program Files\\Mozilla Firefox\\firefox.exe" "-marionette" "-foreground" "-no-remote" "-profile" "C:\\Users\\EDZ\\AppData\\Local\\Temp\\rust_mozprofile.Yo7pAtKRTmH3"
JavaScript error: resource://gre/modules/XULStore.jsm, line 66: Error: Can't find profile directory.
console.warn: SearchSettings: "get: No settings file exists, new profile?" (new Error("", "(unknown module)"))
1605794016683	Marionette	INFO	Listening on port 21615
1605794016738	Marionette	WARN	TLS certificate errors will be ignored for this session
JavaScript error: http://192.172.4.60:9000/adminservice/resources/ok-admin/lib/echarts/echarts.min.js, line 22: NS_ERROR_FAILURE: 
1605794083888	Marionette	INFO	Stopped listening on port 21615
IPDL protocol error: Handler returned error code!

###!!! [Parent][DispatchAsyncMessage] Error: PLayerTransaction::Msg_ReleaseLayer Processing error: message was deserialized, but the handler returned false (indicating failure)


###!!! [Child][RunMessage] Error: Channel closing: too late to send/recv, messages will be lost


###!!! [Child][MessageChannel::SendAndWait] Error: Channel error: cannot send/recv

1605795644298	mozrunner::runner	INFO	Running command: "C:\\Program Files\\Mozilla Firefox\\firefox.exe" "-marionette" "-foreground" "-no-remote" "-profile" "C:\\Users\\EDZ\\AppData\\Local\\Temp\\rust_mozprofile.3QL7SvnuKE8l"
JavaScript error: resource://gre/modules/XULStore.jsm, line 66: Error: Can't find profile directory.
console.warn: SearchSettings: "get: No settings file exists, new profile?" (new Error("", "(unknown module)"))
1605795648235	Marionette	INFO	Listening on port 22083
1605795648293	Marionette	WARN	TLS certificate errors will be ignored for this session

###!!! [Child][RunMessage] Error: Channel closing: too late to send/recv, messages will be lost


###!!! [Child][RunMessage] Error: Channel closing: too late to send/recv, messages will be lost

1605795671087	Marionette	INFO	Stopped listening on port 22083

###!!! [Child][RunMessage] Error: Channel closing: too late to send/recv, messages will be lost


###!!! [Child][MessageChannel::SendAndWait] Error: Channel error: cannot send/recv

1605796613465	mozrunner::runner	INFO	Running command: "C:\\Program Files\\Mozilla Firefox\\firefox.exe" "-marionette" "-foreground" "-no-remote" "-profile" "C:\\Users\\EDZ\\AppData\\Local\\Temp\\rust_mozprofile.AJ6uLaxoa3M8"
JavaScript error: resource://gre/modules/XULStore.jsm, line 66: Error: Can't find profile directory.
console.warn: SearchSettings: "get: No settings file exists, new profile?" (new Error("", "(unknown module)"))
1605796617365	Marionette	INFO	Listening on port 22332
1605796617900	Marionette	WARN	TLS certificate errors will be ignored for this session
1605796617958	Marionette	INFO	Stopped listening on port 22332
console.error: Region.jsm: "Error fetching region" (new TypeError("NetworkError when attempting to fetch resource.", ""))
console.error: Region.jsm: "Failed to fetch region" (new Error("NO_RESULT", "resource://gre/modules/Region.jsm", 351))

###!!! [Child][MessageChannel::SendAndWait] Error: Channel error: cannot send/recv

1605796679316	mozrunner::runner	INFO	Running command: "C:\\Program Files\\Mozilla Firefox\\firefox.exe" "-marionette" "-foreground" "-no-remote" "-profile" "C:\\Users\\EDZ\\AppData\\Local\\Temp\\rust_mozprofile.tY3TseLqgsCO"
JavaScript error: resource://gre/modules/XULStore.jsm, line 66: Error: Can't find profile directory.
console.warn: SearchSettings: "get: No settings file exists, new profile?" (new Error("", "(unknown module)"))
1605796683126	Marionette	INFO	Listening on port 22379
1605796683195	Marionette	WARN	TLS certificate errors will be ignored for this session
console.error: Region.jsm: "Error fetching region" (new AbortError("The operation was aborted. ", (void 0), 697))
console.error: Region.jsm: "Failed to fetch region" (new Error("NO_RESULT", "resource://gre/modules/Region.jsm", 351))
[Parent 10008, Gecko_IOThread] WARNING: file /builds/worker/checkouts/gecko/ipc/chromium/src/base/process_util_win.cc, line 166
1605796695471	Marionette	INFO	Stopped listening on port 22379

###!!! [Child][RunMessage] Error: Channel closing: too late to send/recv, messages will be lost


###!!! [Child][MessageChannel::SendAndWait] Error: Channel error: cannot send/recv

1605796741166	mozrunner::runner	INFO	Running command: "C:\\Program Files\\Mozilla Firefox\\firefox.exe" "-marionette" "-foreground" "-no-remote" "-profile" "C:\\Users\\EDZ\\AppData\\Local\\Temp\\rust_mozprofile.qJzRcUfRED4u"
JavaScript error: resource://gre/modules/XULStore.jsm, line 66: Error: Can't find profile directory.
console.warn: SearchSettings: "get: No settings file exists, new profile?" (new Error("", "(unknown module)"))
1605796744851	Marionette	INFO	Listening on port 22455
1605796745038	Marionette	WARN	TLS certificate errors will be ignored for this session
1605796760469	mozrunner::runner	INFO	Running command: "C:\\Program Files\\Mozilla Firefox\\firefox.exe" "-marionette" "-foreground" "-no-remote" "-profile" "C:\\Users\\EDZ\\AppData\\Local\\Temp\\rust_mozprofile.Ld23xW3vu9jh"
JavaScript error: resource://gre/modules/XULStore.jsm, line 66: Error: Can't find profile directory.
console.warn: SearchSettings: "get: No settings file exists, new profile?" (new Error("", "(unknown module)"))
1605796764332	Marionette	INFO	Listening on port 22527
1605796764872	Marionette	WARN	TLS certificate errors will be ignored for this session
console.error: Region.jsm: "Error fetching region" (new TypeError("NetworkError when attempting to fetch resource.", ""))
console.error: Region.jsm: "Failed to fetch region" (new Error("NO_RESULT", "resource://gre/modules/Region.jsm", 351))
console.error: (new Error("Connection closed before committing the transaction.", "resource://gre/modules/Sqlite.jsm", 688))
1605796765169	Marionette	INFO	Stopped listening on port 22527

###!!! [Child][RunMessage] Error: Channel closing: too late to send/recv, messages will be lost


###!!! [Child][MessageChannel::SendAndWait] Error: Channel error: cannot send/recv

1605796847592	mozrunner::runner	INFO	Running command: "C:\\Program Files\\Mozilla Firefox\\firefox.exe" "-marionette" "-foreground" "-no-remote" "-profile" "C:\\Users\\EDZ\\AppData\\Local\\Temp\\rust_mozprofile.M7KnelcS2tjB"
JavaScript error: resource://gre/modules/XULStore.jsm, line 66: Error: Can't find profile directory.
console.warn: SearchSettings: "get: No settings file exists, new profile?" (new Error("", "(unknown module)"))
1605796850749	Marionette	INFO	Listening on port 22575
1605796850876	Marionette	WARN	TLS certificate errors will be ignored for this session
1605796889222	Marionette	INFO	Stopped listening on port 22575

###!!! [Child][RunMessage] Error: Channel closing: too late to send/recv, messages will be lost


###!!! [Child][MessageChannel::SendAndWait] Error: Channel error: cannot send/recv

1605857206343	mozrunner::runner	INFO	Running command: "C:\\Program Files\\Mozilla Firefox\\firefox.exe" "-marionette" "-foreground" "-no-remote" "-profile" "C:\\Users\\EDZ\\AppData\\Local\\Temp\\rust_mozprofile.0zqWVQerPE6O"
JavaScript error: resource://gre/modules/XULStore.jsm, line 66: Error: Can't find profile directory.
console.warn: SearchSettings: "get: No settings file exists, new profile?" (new Error("", "(unknown module)"))
1605857212731	Marionette	INFO	Listening on port 2505
1605857213178	Marionette	WARN	TLS certificate errors will be ignored for this session
1605857261006	Marionette	INFO	Stopped listening on port 2505
[Parent 7744, Gecko_IOThread] WARNING: file /builds/worker/checkouts/gecko/ipc/chromium/src/base/process_util_win.cc, line 166

###!!! [Child][RunMessage] Error: Channel closing: too late to send/recv, messages will be lost


###!!! [Child][MessageChannel::SendAndWait] Error: Channel error: cannot send/recv

1605857541884	mozrunner::runner	INFO	Running command: "C:\\Program Files\\Mozilla Firefox\\firefox.exe" "-marionette" "-foreground" "-no-remote" "-profile" "C:\\Users\\EDZ\\AppData\\Local\\Temp\\rust_mozprofile.ntHFy1k4MA97"
JavaScript error: resource://gre/modules/XULStore.jsm, line 66: Error: Can't find profile directory.
console.warn: SearchSettings: "get: No settings file exists, new profile?" (new Error("", "(unknown module)"))
1605857546084	Marionette	INFO	Listening on port 2602
1605857546314	Marionette	WARN	TLS certificate errors will be ignored for this session
1605857575785	Marionette	INFO	Stopped listening on port 2602

###!!! [Child][RunMessage] Error: Channel closing: too late to send/recv, messages will be lost


###!!! [Child][RunMessage] Error: Channel closing: too late to send/recv, messages will be lost


###!!! [Child][MessageChannel::SendAndWait] Error: Channel error: cannot send/recv

1605857923367	mozrunner::runner	INFO	Running command: "C:\\Program Files\\Mozilla Firefox\\firefox.exe" "-marionette" "-foreground" "-no-remote" "-profile" "C:\\Users\\EDZ\\AppData\\Local\\Temp\\rust_mozprofile.6wvz1GCFbHIC"
JavaScript error: resource://gre/modules/XULStore.jsm, line 66: Error: Can't find profile directory.
console.warn: SearchSettings: "get: No settings file exists, new profile?" (new Error("", "(unknown module)"))
1605857927435	Marionette	INFO	Listening on port 2973
1605857927877	Marionette	WARN	TLS certificate errors will be ignored for this session
1605857957316	Marionette	INFO	Stopped listening on port 2973

###!!! [Child][RunMessage] Error: Channel closing: too late to send/recv, messages will be lost


###!!! [Child][MessageChannel::SendAndWait] Error: Channel error: cannot send/recv

1605858260434	mozrunner::runner	INFO	Running command: "C:\\Program Files\\Mozilla Firefox\\firefox.exe" "-marionette" "-foreground" "-no-remote" "-profile" "C:\\Users\\EDZ\\AppData\\Local\\Temp\\rust_mozprofile.QdAaahES5vG3"
JavaScript error: resource://gre/modules/XULStore.jsm, line 66: Error: Can't find profile directory.
console.warn: SearchSettings: "get: No settings file exists, new profile?" (new Error("", "(unknown module)"))
1605858264491	Marionette	INFO	Listening on port 3137
1605858264880	Marionette	WARN	TLS certificate errors will be ignored for this session
1605858295361	Marionette	INFO	Stopped listening on port 3137

###!!! [Child][RunMessage] Error: Channel closing: too late to send/recv, messages will be lost


###!!! [Child][MessageChannel::SendAndWait] Error: Channel error: cannot send/recv

1605858433975	mozrunner::runner	INFO	Running command: "C:\\Program Files\\Mozilla Firefox\\firefox.exe" "-marionette" "-foreground" "-no-remote" "-profile" "C:\\Users\\EDZ\\AppData\\Local\\Temp\\rust_mozprofile.ByTfOjXDCs5M"
JavaScript error: resource://gre/modules/XULStore.jsm, line 66: Error: Can't find profile directory.
console.warn: SearchSettings: "get: No settings file exists, new profile?" (new Error("", "(unknown module)"))
1605858438222	Marionette	INFO	Listening on port 3365
1605858438423	Marionette	WARN	TLS certificate errors will be ignored for this session
1605858592326	mozrunner::runner	INFO	Running command: "C:\\Program Files\\Mozilla Firefox\\firefox.exe" "-marionette" "-foreground" "-no-remote" "-profile" "C:\\Users\\EDZ\\AppData\\Local\\Temp\\rust_mozprofile.DEUt1prBFCxc"
JavaScript error: resource://gre/modules/XULStore.jsm, line 66: Error: Can't find profile directory.
console.warn: SearchSettings: "get: No settings file exists, new profile?" (new Error("", "(unknown module)"))
1605858596675	Marionette	INFO	Listening on port 3605
1605858596730	Marionette	WARN	TLS certificate errors will be ignored for this session
1605858626215	Marionette	INFO	Stopped listening on port 3605

###!!! [Child][RunMessage] Error: Channel closing: too late to send/recv, messages will be lost


###!!! [Child][MessageChannel::SendAndWait] Error: Channel error: cannot send/recv

1605858831574	mozrunner::runner	INFO	Running command: "C:\\Program Files\\Mozilla Firefox\\firefox.exe" "-marionette" "-foreground" "-no-remote" "-profile" "C:\\Users\\EDZ\\AppData\\Local\\Temp\\rust_mozprofile.7yi8f55GUcTa"
JavaScript error: resource://gre/modules/XULStore.jsm, line 66: Error: Can't find profile directory.
console.warn: SearchSettings: "get: No settings file exists, new profile?" (new Error("", "(unknown module)"))
1605858835942	Marionette	INFO	Listening on port 3868
1605858836055	Marionette	WARN	TLS certificate errors will be ignored for this session
console.error: Region.jsm: "Error fetching region" (new AbortError("The operation was aborted. ", (void 0), 697))
console.error: Region.jsm: "Failed to fetch region" (new Error("NO_RESULT", "resource://gre/modules/Region.jsm", 351))
1605858873026	Marionette	INFO	Stopped listening on port 3868
JavaScript error: , line 0: AbortError: A request was aborted, for example through a call to IDBTransaction.abort.

###!!! [Child][RunMessage] Error: Channel closing: too late to send/recv, messages will be lost


###!!! [Child][MessageChannel::SendAndWait] Error: Channel error: cannot send/recv

1605859107148	mozrunner::runner	INFO	Running command: "C:\\Program Files\\Mozilla Firefox\\firefox.exe" "-marionette" "-foreground" "-no-remote" "-profile" "C:\\Users\\EDZ\\AppData\\Local\\Temp\\rust_mozprofile.jhQ19L4oJaNg"
JavaScript error: resource://gre/modules/XULStore.jsm, line 66: Error: Can't find profile directory.
console.warn: SearchSettings: "get: No settings file exists, new profile?" (new Error("", "(unknown module)"))
1605859111693	Marionette	INFO	Listening on port 4142
1605859112140	Marionette	WARN	TLS certificate errors will be ignored for this session
console.error: Region.jsm: "Error fetching region" (new AbortError("The operation was aborted. ", (void 0), 697))
console.error: Region.jsm: "Failed to fetch region" (new Error("NO_RESULT", "resource://gre/modules/Region.jsm", 351))
1605859159835	Marionette	INFO	Stopped listening on port 4142

###!!! [Child][RunMessage] Error: Channel closing: too late to send/recv, messages will be lost


###!!! [Child][MessageChannel::SendAndWait] Error: Channel error: cannot send/recv

1605859358846	mozrunner::runner	INFO	Running command: "C:\\Program Files\\Mozilla Firefox\\firefox.exe" "-marionette" "-foreground" "-no-remote" "-profile" "C:\\Users\\EDZ\\AppData\\Local\\Temp\\rust_mozprofile.xCXy5ZSTGPG9"
JavaScript error: resource://gre/modules/XULStore.jsm, line 66: Error: Can't find profile directory.
console.warn: SearchSettings: "get: No settings file exists, new profile?" (new Error("", "(unknown module)"))
1605859363192	Marionette	INFO	Listening on port 4474
1605859363263	Marionette	WARN	TLS certificate errors will be ignored for this session
1605859409563	Marionette	INFO	Stopped listening on port 4474
IPDL protocol error: Handler returned error code!

###!!! [Parent][DispatchAsyncMessage] Error: PLayerTransaction::Msg_ReleaseLayer Processing error: message was deserialized, but the handler returned false (indicating failure)

IPDL protocol error: Handler returned error code!

###!!! [Parent][DispatchAsyncMessage] Error: PLayerTransaction::Msg_ReleaseLayer Processing error: message was deserialized, but the handler returned false (indicating failure)

IPDL protocol error: Handler returned error code!

###!!! [Parent][DispatchAsyncMessage] Error: PLayerTransaction::Msg_ReleaseLayer Processing error: message was deserialized, but the handler returned false (indicating failure)

IPDL protocol error: Handler returned error code!

###!!! [Parent][DispatchAsyncMessage] Error: PLayerTransaction::Msg_ReleaseLayer Processing error: message was deserialized, but the handler returned false (indicating failure)

IPDL protocol error: Handler returned error code!

###!!! [Parent][DispatchAsyncMessage] Error: PLayerTransaction::Msg_ReleaseLayer Processing error: message was deserialized, but the handler returned false (indicating failure)

IPDL protocol error: Handler returned error code!

###!!! [Parent][DispatchAsyncMessage] Error: PLayerTransaction::Msg_ReleaseLayer Processing error: message was deserialized, but the handler returned false (indicating failure)

IPDL protocol error: Handler returned error code!

###!!! [Parent][DispatchAsyncMessage] Error: PLayerTransaction::Msg_ReleaseLayer Processing error: message was deserialized, but the handler returned false (indicating failure)

IPDL protocol error: Handler returned error code!

###!!! [Parent][DispatchAsyncMessage] Error: PLayerTransaction::Msg_ReleaseLayer Processing error: message was deserialized, but the handler returned false (indicating failure)

IPDL protocol error: Handler returned error code!

###!!! [Parent][DispatchAsyncMessage] Error: PLayerTransaction::Msg_ReleaseLayer Processing error: message was deserialized, but the handler returned false (indicating failure)

IPDL protocol error: Handler returned error code!

###!!! [Parent][DispatchAsyncMessage] Error: PLayerTransaction::Msg_ReleaseLayer Processing error: message was deserialized, but the handler returned false (indicating failure)


###!!! [Child][RunMessage] Error: Channel closing: too late to send/recv, messages will be lost


###!!! [Child][MessageChannel::SendAndWait] Error: Channel error: cannot send/recv

1605859600267	mozrunner::runner	INFO	Running command: "C:\\Program Files\\Mozilla Firefox\\firefox.exe" "-marionette" "-foreground" "-no-remote" "-profile" "C:\\Users\\EDZ\\AppData\\Local\\Temp\\rust_mozprofile.ZBy5yIEIJx9K"
JavaScript error: resource://gre/modules/XULStore.jsm, line 66: Error: Can't find profile directory.
console.warn: SearchSettings: "get: No settings file exists, new profile?" (new Error("", "(unknown module)"))
1605859604267	Marionette	INFO	Listening on port 4820
1605859604683	Marionette	WARN	TLS certificate errors will be ignored for this session
1605859644388	Marionette	INFO	Stopped listening on port 4820
IPDL protocol error: Handler returned error code!

###!!! [Parent][DispatchAsyncMessage] Error: PLayerTransaction::Msg_ReleaseLayer Processing error: message was deserialized, but the handler returned false (indicating failure)

IPDL protocol error: Handler returned error code!

###!!! [Parent][DispatchAsyncMessage] Error: PLayerTransaction::Msg_ReleaseLayer Processing error: message was deserialized, but the handler returned false (indicating failure)

IPDL protocol error: Handler returned error code!

###!!! [Parent][DispatchAsyncMessage] Error: PLayerTransaction::Msg_ReleaseLayer Processing error: message was deserialized, but the handler returned false (indicating failure)

IPDL protocol error: Handler returned error code!

###!!! [Parent][DispatchAsyncMessage] Error: PLayerTransaction::Msg_ReleaseLayer Processing error: message was deserialized, but the handler returned false (indicating failure)

IPDL protocol error: Handler returned error code!

###!!! [Parent][DispatchAsyncMessage] Error: PLayerTransaction::Msg_ReleaseLayer Processing error: message was deserialized, but the handler returned false (indicating failure)

IPDL protocol error: Handler returned error code!

###!!! [Parent][DispatchAsyncMessage] Error: PLayerTransaction::Msg_ReleaseLayer Processing error: message was deserialized, but the handler returned false (indicating failure)

IPDL protocol error: Handler returned error code!

###!!! [Parent][DispatchAsyncMessage] Error: PLayerTransaction::Msg_ReleaseLayer Processing error: message was deserialized, but the handler returned false (indicating failure)

IPDL protocol error: Handler returned error code!

###!!! [Parent][DispatchAsyncMessage] Error: PLayerTransaction::Msg_ReleaseLayer Processing error: message was deserialized, but the handler returned false (indicating failure)

IPDL protocol error: Handler returned error code!

###!!! [Parent][DispatchAsyncMessage] Error: PLayerTransaction::Msg_ReleaseLayer Processing error: message was deserialized, but the handler returned false (indicating failure)

IPDL protocol error: Handler returned error code!

###!!! [Parent][DispatchAsyncMessage] Error: PLayerTransaction::Msg_ReleaseLayer Processing error: message was deserialized, but the handler returned false (indicating failure)

IPDL protocol error: Handler returned error code!

###!!! [Parent][DispatchAsyncMessage] Error: PLayerTransaction::Msg_ReleaseLayer Processing error: message was deserialized, but the handler returned false (indicating failure)


###!!! [Child][RunMessage] Error: Channel closing: too late to send/recv, messages will be lost


###!!! [Child][MessageChannel::SendAndWait] Error: Channel error: cannot send/recv

1605859706483	mozrunner::runner	INFO	Running command: "C:\\Program Files\\Mozilla Firefox\\firefox.exe" "-marionette" "-foreground" "-no-remote" "-profile" "C:\\Users\\EDZ\\AppData\\Local\\Temp\\rust_mozprofile.8wB0avLG2ZXy"
JavaScript error: resource://gre/modules/XULStore.jsm, line 66: Error: Can't find profile directory.
console.warn: SearchSettings: "get: No settings file exists, new profile?" (new Error("", "(unknown module)"))
1605859710769	Marionette	INFO	Listening on port 5049
1605859710846	Marionette	WARN	TLS certificate errors will be ignored for this session
1605859741574	mozrunner::runner	INFO	Running command: "C:\\Program Files\\Mozilla Firefox\\firefox.exe" "-marionette" "-foreground" "-no-remote" "-profile" "C:\\Users\\EDZ\\AppData\\Local\\Temp\\rust_mozprofile.RUCkGNdlIt1T"
JavaScript error: resource://gre/modules/XULStore.jsm, line 66: Error: Can't find profile directory.
console.warn: SearchSettings: "get: No settings file exists, new profile?" (new Error("", "(unknown module)"))
1605859746220	Marionette	INFO	Listening on port 5152
1605859747083	Marionette	WARN	TLS certificate errors will be ignored for this session
1605862572230	mozrunner::runner	INFO	Running command: "C:\\Program Files\\Mozilla Firefox\\firefox.exe" "-marionette" "-foreground" "-no-remote" "-profile" "C:\\Users\\EDZ\\AppData\\Local\\Temp\\rust_mozprofile.bV8zn2dGNce3"
JavaScript error: resource://gre/modules/XULStore.jsm, line 66: Error: Can't find profile directory.
console.warn: SearchSettings: "get: No settings file exists, new profile?" (new Error("", "(unknown module)"))
1605862576588	Marionette	INFO	Listening on port 7652
1605862576735	Marionette	WARN	TLS certificate errors will be ignored for this session
1605862607151	mozrunner::runner	INFO	Running command: "C:\\Program Files\\Mozilla Firefox\\firefox.exe" "-marionette" "-foreground" "-no-remote" "-profile" "C:\\Users\\EDZ\\AppData\\Local\\Temp\\rust_mozprofile.nJAuK3IPoeqA"
JavaScript error: resource://gre/modules/XULStore.jsm, line 66: Error: Can't find profile directory.
console.warn: SearchSettings: "get: No settings file exists, new profile?" (new Error("", "(unknown module)"))
1605862611813	Marionette	INFO	Listening on port 7830
1605862612215	Marionette	WARN	TLS certificate errors will be ignored for this session
1605864068426	mozrunner::runner	INFO	Running command: "C:\\Program Files\\Mozilla Firefox\\firefox.exe" "-marionette" "-foreground" "-no-remote" "-profile" "C:\\Users\\EDZ\\AppData\\Local\\Temp\\rust_mozprofile.Kgki7u3ObqTa"
JavaScript error: resource://gre/modules/XULStore.jsm, line 66: Error: Can't find profile directory.
console.warn: SearchSettings: "get: No settings file exists, new profile?" (new Error("", "(unknown module)"))
1605864072414	Marionette	INFO	Listening on port 9158
1605864072840	Marionette	WARN	TLS certificate errors will be ignored for this session
1605864109951	Marionette	INFO	Stopped listening on port 9158

###!!! [Child][RunMessage] Error: Channel closing: too late to send/recv, messages will be lost


###!!! [Child][MessageChannel::SendAndWait] Error: Channel error: cannot send/recv

://gre/modules/XULStore.jsm, line 66: Error: Can't find profile directory.
console.warn: SearchSettings: "get: No settings file exists, new profile?" (new Error("", "(unknown module)"))
1605864106999	Marionette	INFO	Listening on port 9251
1605864107538	Marionette	WARN	TLS certificate errors will be ignored for this session
console.warn: services.settings: main/cfr-fxa sync interrupted by shutdown
console.error: Region.jsm: "Error fetching region" (new TypeError("NetworkError when attempting to fetch resource.", ""))
console.error: Region.jsm: "Failed to fetch region" (new Error("NO_RESULT", "resource://gre/modules/Region.jsm", 351))
1605864108642	Marionette	INFO	Stopped listening on port 9251

###!!! [Child][RunMessage] Error: Channel closing: too late to send/recv, messages will be lost

1605868772752	mozrunner::runner	INFO	Running command: "C:\\Program Files\\Mozilla Firefox\\firefox.exe" "-marionette" "-foreground" "-no-remote" "-profile" "C:\\Users\\EDZ\\AppData\\Local\\Temp\\rust_mozprofile.Eof5ZIgPrmlR"
JavaScript error: resource://gre/modules/XULStore.jsm, line 66: Error: Can't find profile directory.
console.warn: SearchSettings: "get: No settings file exists, new profile?" (new Error("", "(unknown module)"))
1605868778818	Marionette	INFO	Listening on port 9984
1605868779034	Marionette	WARN	TLS certificate errors will be ignored for this session
1605868805517	mozrunner::runner	INFO	Running command: "C:\\Program Files\\Mozilla Firefox\\firefox.exe" "-marionette" "-foreground" "-no-remote" "-profile" "C:\\Users\\EDZ\\AppData\\Local\\Temp\\rust_mozprofile.IFJEBvz4nNo4"
JavaScript error: resource://gre/modules/XULStore.jsm, line 66: Error: Can't find profile directory.
console.warn: SearchSettings: "get: No settings file exists, new profile?" (new Error("", "(unknown module)"))
1605868809817	Marionette	INFO	Listening on port 10070
1605868809930	Marionette	WARN	TLS certificate errors will be ignored for this session
1605870791485	mozrunner::runner	INFO	Running command: "C:\\Program Files\\Mozilla Firefox\\firefox.exe" "-marionette" "-foreground" "-no-remote" "-profile" "C:\\Users\\EDZ\\AppData\\Local\\Temp\\rust_mozprofile.ZPhgVnNG6mh8"
JavaScript error: resource://gre/modules/XULStore.jsm, line 66: Error: Can't find profile directory.
console.warn: SearchSettings: "get: No settings file exists, new profile?" (new Error("", "(unknown module)"))
1605870797280	Marionette	INFO	Listening on port 1260
1605870797751	Marionette	WARN	TLS certificate errors will be ignored for this session
JavaScript error: http://192.172.4.60:9000/adminservice/resources/ok-admin/lib/echarts/echarts.min.js, line 22: NS_ERROR_FAILURE: 
1605870849337	Marionette	INFO	Stopped listening on port 1260

###!!! [Child][RunMessage] Error: Channel closing: too late to send/recv, messages will be lost


###!!! [Child][MessageChannel::SendAndWait] Error: Channel error: cannot send/recv

1605870853556	mozrunner::runner	INFO	Running command: "C:\\Program Files\\Mozilla Firefox\\firefox.exe" "-marionette" "-foreground" "-no-remote" "-profile" "C:\\Users\\EDZ\\AppData\\Local\\Temp\\rust_mozprofile.EuiLeSx9QhhV"
JavaScript error: resource://gre/modules/XULStore.jsm, line 66: Error: Can't find profile directory.
console.warn: SearchSettings: "get: No settings file exists, new profile?" (new Error("", "(unknown module)"))
1605870857669	Marionette	INFO	Listening on port 1391
1605870858083	Marionette	WARN	TLS certificate errors will be ignored for this session
JavaScript error: http://192.172.4.60:9000/adminservice/resources/ok-admin/lib/echarts/echarts.min.js, line 22: NS_ERROR_FAILURE: 
1605870906764	Marionette	INFO	Stopped listening on port 1391

###!!! [Child][RunMessage] Error: Channel closing: too late to send/recv, messages will be lost

1605870911144	mozrunner::runner	INFO	Running command: "C:\\Program Files\\Mozilla Firefox\\firefox.exe" "-marionette" "-foreground" "-no-remote" "-profile" "C:\\Users\\EDZ\\AppData\\Local\\Temp\\rust_mozprofile.iqkmzzuym28o"
JavaScript error: resource://gre/modules/XULStore.jsm, line 66: Error: Can't find profile directory.
console.warn: SearchSettings: "get: No settings file exists, new profile?" (new Error("", "(unknown module)"))
1605870915024	Marionette	INFO	Listening on port 1506
1605870915542	Marionette	WARN	TLS certificate errors will be ignored for this session
JavaScript error: http://192.172.4.60:9000/adminservice/resources/ok-admin/lib/echarts/echarts.min.js, line 22: NS_ERROR_FAILURE: 
1605870961557	Marionette	INFO	Stopped listening on port 1506

###!!! [Child][RunMessage] Error: Channel closing: too late to send/recv, messages will be lost


###!!! [Child][MessageChannel::SendAndWait] Error: Channel error: cannot send/recv

1605870965745	mozrunner::runner	INFO	Running command: "C:\\Program Files\\Mozilla Firefox\\firefox.exe" "-marionette" "-foreground" "-no-remote" "-profile" "C:\\Users\\EDZ\\AppData\\Local\\Temp\\rust_mozprofile.y7I4mEptDDX7"
JavaScript error: resource://gre/modules/XULStore.jsm, line 66: Error: Can't find profile directory.
console.warn: SearchSettings: "get: No settings file exists, new profile?" (new Error("", "(unknown module)"))
1605870969524	Marionette	INFO	Listening on port 1615
1605870969709	Marionette	WARN	TLS certificate errors will be ignored for this session
JavaScript error: http://192.172.4.60:9000/adminservice/resources/ok-admin/lib/echarts/echarts.min.js, line 22: NS_ERROR_FAILURE: 
1605871020558	Marionette	INFO	Stopped listening on port 1615

###!!! [Child][MessageChannel::SendAndWait] Error: Channel error: cannot send/recv

1605871024951	mozrunner::runner	INFO	Running command: "C:\\Program Files\\Mozilla Firefox\\firefox.exe" "-marionette" "-foreground" "-no-remote" "-profile" "C:\\Users\\EDZ\\AppData\\Local\\Temp\\rust_mozprofile.yC0vDdNoSNIS"
JavaScript error: resource://gre/modules/XULStore.jsm, line 66: Error: Can't find profile directory.
console.warn: SearchSettings: "get: No settings file exists, new profile?" (new Error("", "(unknown module)"))
1605871028956	Marionette	INFO	Listening on port 1737
1605871029354	Marionette	WARN	TLS certificate errors will be ignored for this session
JavaScript error: http://192.172.4.60:9000/adminservice/resources/ok-admin/lib/echarts/echarts.min.js, line 22: NS_ERROR_FAILURE: 
1605871075759	Marionette	INFO	Stopped listening on port 1737

###!!! [Child][RunMessage] Error: Channel closing: too late to send/recv, messages will be lost


###!!! [Child][MessageChannel::SendAndWait] Error: Channel error: cannot send/recv

1605874708801	mozrunner::runner	INFO	Running command: "C:\\Program Files\\Mozilla Firefox\\firefox.exe" "-marionette" "-foreground" "-no-remote" "-profile" "C:\\Users\\EDZ\\AppData\\Local\\Temp\\rust_mozprofile.9nLRJJ1tn9vE"
JavaScript error: resource://gre/modules/XULStore.jsm, line 66: Error: Can't find profile directory.
console.warn: SearchSettings: "get: No settings file exists, new profile?" (new Error("", "(unknown module)"))
1605874713048	Marionette	INFO	Listening on port 7517
1605874713339	Marionette	WARN	TLS certificate errors will be ignored for this session
1605874739334	Marionette	INFO	Stopped listening on port 7517

###!!! [Child][RunMessage] Error: Channel closing: too late to send/recv, messages will be lost


###!!! [Child][RunMessage] Error: Channel closing: too late to send/recv, messages will be lost


###!!! [Child][MessageChannel::SendAndWait] Error: Channel error: cannot send/recv

1605874743520	mozrunner::runner	INFO	Running command: "C:\\Program Files\\Mozilla Firefox\\firefox.exe" "-marionette" "-foreground" "-no-remote" "-profile" "C:\\Users\\EDZ\\AppData\\Local\\Temp\\rust_mozprofile.YGtfGDuzs6eh"
JavaScript error: resource://gre/modules/XULStore.jsm, line 66: Error: Can't find profile directory.
console.warn: SearchSettings: "get: No settings file exists, new profile?" (new Error("", "(unknown module)"))
1605874747666	Marionette	INFO	Listening on port 7595
1605874747950	Marionette	WARN	TLS certificate errors will be ignored for this session
1605874828655	mozrunner::runner	INFO	Running command: "C:\\Program Files\\Mozilla Firefox\\firefox.exe" "-marionette" "-foreground" "-no-remote" "-profile" "C:\\Users\\EDZ\\AppData\\Local\\Temp\\rust_mozprofile.KBoMfAHlfONb"
JavaScript error: resource://gre/modules/XULStore.jsm, line 66: Error: Can't find profile directory.
console.warn: SearchSettings: "get: No settings file exists, new profile?" (new Error("", "(unknown module)"))
1605874834528	mozrunner::runner	INFO	Running command: "C:\\Program Files\\Mozilla Firefox\\firefox.exe" "-marionette" "-foreground" "-no-remote" "-profile" "C:\\Users\\EDZ\\AppData\\Local\\Temp\\rust_mozprofile.67HvfegdQmPs"
JavaScript error: resource://gre/modules/XULStore.jsm, line 66: Error: Can't find profile directory.
console.warn: SearchSettings: "get: No settings file exists, new profile?" (new Error("", "(unknown module)"))
1605874838401	Marionette	INFO	Listening on port 7724
1605874838905	Marionette	WARN	TLS certificate errors will be ignored for this session
JavaScript error: http://192.172.4.60:9000/adminservice/resources/ok-admin/lib/echarts/echarts.min.js, line 22: NS_ERROR_FAILURE: 
1605874891100	Marionette	INFO	Stopped listening on port 7724

###!!! [Child][RunMessage] Error: Channel closing: too late to send/recv, messages will be lost


###!!! [Child][RunMessage] Error: Channel closing: too late to send/recv, messages will be lost


###!!! [Child][MessageChannel::SendAndWait] Error: Channel error: cannot send/recv

1605874895589	mozrunner::runner	INFO	Running command: "C:\\Program Files\\Mozilla Firefox\\firefox.exe" "-marionette" "-foreground" "-no-remote" "-profile" "C:\\Users\\EDZ\\AppData\\Local\\Temp\\rust_mozprofile.REOtYjlswIL5"
JavaScript error: resource://gre/modules/XULStore.jsm, line 66: Error: Can't find profile directory.
console.warn: SearchSettings: "get: No settings file exists, new profile?" (new Error("", "(unknown module)"))
1605874901085	Marionette	INFO	Listening on port 7817
1605874901183	Marionette	WARN	TLS certificate errors will be ignored for this session
JavaScript error: http://192.172.4.60:9000/adminservice/resources/ok-admin/lib/echarts/echarts.min.js, line 22: NS_ERROR_FAILURE: 
1605874949321	Marionette	INFO	Stopped listening on port 7817

###!!! [Child][RunMessage] Error: Channel closing: too late to send/recv, messages will be lost


###!!! [Child][RunMessage] Error: Channel closing: too late to send/recv, messages will be lost


###!!! [Child][MessageChannel::SendAndWait] Error: Channel error: cannot send/recv

1605874953753	mozrunner::runner	INFO	Running command: "C:\\Program Files\\Mozilla Firefox\\firefox.exe" "-marionette" "-foreground" "-no-remote" "-profile" "C:\\Users\\EDZ\\AppData\\Local\\Temp\\rust_mozprofile.KlsCvgWYKHmq"
JavaScript error: resource://gre/modules/XULStore.jsm, line 66: Error: Can't find profile directory.
console.warn: SearchSettings: "get: No settings file exists, new profile?" (new Error("", "(unknown module)"))
1605874958531	Marionette	INFO	Listening on port 7933
1605874958780	Marionette	WARN	TLS certificate errors will be ignored for this session
JavaScript error: http://192.172.4.60:9000/adminservice/resources/ok-admin/lib/echarts/echarts.min.js, line 22: NS_ERROR_FAILURE: 
1605875010101	Marionette	INFO	Stopped listening on port 7933

###!!! [Child][RunMessage] Error: Channel closing: too late to send/recv, messages will be lost


###!!! [Child][MessageChannel::SendAndWait] Error: Channel error: cannot send/recv

1605875014756	mozrunner::runner	INFO	Running command: "C:\\Program Files\\Mozilla Firefox\\firefox.exe" "-marionette" "-foreground" "-no-remote" "-profile" "C:\\Users\\EDZ\\AppData\\Local\\Temp\\rust_mozprofile.OeRGFsCff2IW"
console.warn: SearchSettings: "get: No settings file exists, new profile?" (new Error("", "(unknown module)"))
JavaScript error: resource://gre/modules/XULStore.jsm, line 66: Error: Can't find profile directory.
1605875019110	Marionette	INFO	Listening on port 8023
1605875019324	Marionette	WARN	TLS certificate errors will be ignored for this session
JavaScript error: http://192.172.4.60:9000/adminservice/resources/ok-admin/lib/layui/layui.js, line 119: NS_ERROR_NOT_INITIALIZED: 
JavaScript error: http://192.172.4.60:9000/adminservice/resources/ok-admin/lib/echarts/echarts.min.js, line 22: NS_ERROR_FAILURE: 
1605875069457	Marionette	INFO	Stopped listening on port 8023

###!!! [Child][RunMessage] Error: Channel closing: too late to send/recv, messages will be lost


###!!! [Child][MessageChannel::SendAndWait] Error: Channel error: cannot send/recv

1605875073842	mozrunner::runner	INFO	Running command: "C:\\Program Files\\Mozilla Firefox\\firefox.exe" "-marionette" "-foreground" "-no-remote" "-profile" "C:\\Users\\EDZ\\AppData\\Local\\Temp\\rust_mozprofile.2j9mBg1DXfZ8"
JavaScript error: resource://gre/modules/XULStore.jsm, line 66: Error: Can't find profile directory.
console.warn: SearchSettings: "get: No settings file exists, new profile?" (new Error("", "(unknown module)"))
1605875078509	Marionette	INFO	Listening on port 8120
1605875078835	Marionette	WARN	TLS certificate errors will be ignored for this session
JavaScript error: http://192.172.4.60:9000/adminservice/resources/ok-admin/lib/echarts/echarts.min.js, line 22: NS_ERROR_FAILURE: 
1605875129194	Marionette	INFO	Stopped listening on port 8120
[Parent 9900, Gecko_IOThread] WARNING: file /builds/worker/checkouts/gecko/ipc/chromium/src/base/process_util_win.cc, line 166

###!!! [Child][RunMessage] Error: Channel closing: too late to send/recv, messages will be lost


###!!! [Child][RunMessage] Error: Channel closing: too late to send/recv, messages will be lost


###!!! [Child][MessageChannel::SendAndWait] Error: Channel error: cannot send/recv

1605876148169	mozrunner::runner	INFO	Running command: "C:\\Program Files\\Mozilla Firefox\\firefox.exe" "-marionette" "-foreground" "-no-remote" "-profile" "C:\\Users\\EDZ\\AppData\\Local\\Temp\\rust_mozprofile.R2IZxzHdeyeD"
JavaScript error: resource://gre/modules/XULStore.jsm, line 66: Error: Can't find profile directory.
console.warn: SearchSettings: "get: No settings file exists, new profile?" (new Error("", "(unknown module)"))
1605876152422	Marionette	INFO	Listening on port 8333
1605876152529	Marionette	WARN	TLS certificate errors will be ignored for this session
1605876180577	Marionette	INFO	Stopped listening on port 8333

###!!! [Child][RunMessage] Error: Channel closing: too late to send/recv, messages will be lost


###!!! [Child][MessageChannel::SendAndWait] Error: Channel error: cannot send/recv

1605876184827	mozrunner::runner	INFO	Running command: "C:\\Program Files\\Mozilla Firefox\\firefox.exe" "-marionette" "-foreground" "-no-remote" "-profile" "C:\\Users\\EDZ\\AppData\\Local\\Temp\\rust_mozprofile.SNbeUN53yoW0"
JavaScript error: resource://gre/modules/XULStore.jsm, line 66: Error: Can't find profile directory.
console.warn: SearchSettings: "get: No settings file exists, new profile?" (new Error("", "(unknown module)"))
1605876188856	Marionette	INFO	Listening on port 8399
1605876189244	Marionette	WARN	TLS certificate errors will be ignored for this session
1605876228296	Marionette	INFO	Stopped listening on port 8399
[Parent 8744, Gecko_IOThread] WARNING: file /builds/worker/checkouts/gecko/ipc/chromium/src/base/process_util_win.cc, line 166

###!!! [Child][RunMessage] Error: Channel closing: too late to send/recv, messages will be lost


###!!! [Child][MessageChannel::SendAndWait] Error: Channel error: cannot send/recv

1605876232756	mozrunner::runner	INFO	Running command: "C:\\Program Files\\Mozilla Firefox\\firefox.exe" "-marionette" "-foreground" "-no-remote" "-profile" "C:\\Users\\EDZ\\AppData\\Local\\Temp\\rust_mozprofile.JgcsqjAbQyJ1"
JavaScript error: resource://gre/modules/XULStore.jsm, line 66: Error: Can't find profile directory.
console.warn: SearchSettings: "get: No settings file exists, new profile?" (new Error("", "(unknown module)"))
1605876237914	Marionette	INFO	Listening on port 8534
1605876238383	Marionette	WARN	TLS certificate errors will be ignored for this session
console.error: Region.jsm: "Error fetching region" (new AbortError("The operation was aborted. ", (void 0), 697))
console.error: Region.jsm: "Failed to fetch region" (new Error("NO_RESULT", "resource://gre/modules/Region.jsm", 351))
1605876275030	Marionette	INFO	Stopped listening on port 8534

###!!! [Child][RunMessage] Error: Channel closing: too late to send/recv, messages will be lost


###!!! [Child][RunMessage] Error: Channel closing: too late to send/recv, messages will be lost


###!!! [Child][RunMessage] Error: Channel closing: too late to send/recv, messages will be lost

1605876279216	mozrunner::runner	INFO	Running command: "C:\\Program Files\\Mozilla Firefox\\firefox.exe" "-marionette" "-foreground" "-no-remote" "-profile" "C:\\Users\\EDZ\\AppData\\Local\\Temp\\rust_mozprofile.AsGU2hqt5ftq"
JavaScript error: resource://gre/modules/XULStore.jsm, line 66: Error: Can't find profile directory.
console.warn: SearchSettings: "get: No settings file exists, new profile?" (new Error("", "(unknown module)"))
1605876283432	Marionette	INFO	Listening on port 8703
1605876283611	Marionette	WARN	TLS certificate errors will be ignored for this session
1605876315057	Marionette	INFO	Stopped listening on port 8703

###!!! [Child][RunMessage] Error: Channel closing: too late to send/recv, messages will be lost

